<?xml version="1.0" encoding="UTF-8"?>
<!-- Generated by org.testng.reporters.JUnitReportReporter -->
<testsuite hostname="Demetriuss-MacBook-Air.local" failures="0" tests="1" name="higowebsite.testcases.HomePageTest" time="7.088" errors="0" timestamp="2025-01-26T11:23:41 WIB" skipped="0">
  <testcase classname="higowebsite.testcases.HomePageTest" name="submitContactHIGOWifiAdvertising" time="7.088"/>
</testsuite> <!-- higowebsite.testcases.HomePageTest -->
